#
# There is insufficient memory for the Java Runtime Environment to continue.
# Native memory allocation (mmap) failed to map 130023424 bytes. Error detail: G1 virtual space
# Possible reasons:
#   The system is out of physical RAM or swap space
#   This process is running with CompressedOops enabled, and the Java Heap may be blocking the growth of the native heap
# Possible solutions:
#   Reduce memory load on the system
#   Increase physical memory or swap space
#   Check if swap backing store is full
#   Decrease Java heap size (-Xmx/-Xms)
#   Decrease number of Java threads
#   Decrease Java thread stack sizes (-Xss)
#   Set larger code cache with -XX:ReservedCodeCacheSize=
#   JVM is running with Unscaled Compressed Oops mode in which the Java heap is
#     placed in the first 4GB address space. The Java Heap base address is the
#     maximum limit for the native heap growth. Please use -XX:HeapBaseMinAddress
#     to set the Java Heap base and to place the Java Heap above 4GB virtual address.
# This output file may be truncated or incomplete.
#
#  Out of Memory Error (os_windows.cpp:3613), pid=15456, tid=17340
#
# JRE version:  (17.0.11+9) (build )
# Java VM: OpenJDK 64-Bit Server VM (17.0.11+9, mixed mode, sharing, tiered, compressed oops, compressed class ptrs, g1 gc, windows-amd64)
# No core dump will be written. Minidumps are not enabled by default on client versions of Windows
#

---------------  S U M M A R Y ------------

Command Line: org.jetbrains.kotlin.cli.jvm.K2JVMCompiler @D:\Coding\repositories\ViroReact-Practice\node_modules\react-native-safe-area-context\android\build\20240708_10194060640370799266.compiler.options

Host: 11th Gen Intel(R) Core(TM) i3-1115G4 @ 3.00GHz, 4 cores, 7G,  Windows 10 , 64 bit Build 19041 (10.0.19041.3636)
Time: Mon Jul  8 21:09:47 2024 India Standard Time elapsed time: 0.022237 seconds (0d 0h 0m 0s)

---------------  T H R E A D  ---------------

Current thread (0x0000021956fd32b0):  JavaThread "Unknown thread" [_thread_in_vm, id=17340, stack(0x000000ec60f00000,0x000000ec61000000)]

Stack: [0x000000ec60f00000,0x000000ec61000000]
Native frames: (J=compiled Java code, j=interpreted, Vv=VM code, C=native code)
V  [jvm.dll+0x67d429]
V  [jvm.dll+0x834b7a]
V  [jvm.dll+0x83663e]
V  [jvm.dll+0x836ca3]
V  [jvm.dll+0x247dbf]
V  [jvm.dll+0x67a269]
V  [jvm.dll+0x66ecda]
V  [jvm.dll+0x30797b]
V  [jvm.dll+0x30ee26]
V  [jvm.dll+0x35e80e]
V  [jvm.dll+0x35ea3f]
V  [jvm.dll+0x2de6b8]
V  [jvm.dll+0x2df624]
V  [jvm.dll+0x806531]
V  [jvm.dll+0x36c561]
V  [jvm.dll+0x7e4f56]
V  [jvm.dll+0x3efdcf]
V  [jvm.dll+0x3f1921]
C  [jli.dll+0x528f]
C  [ucrtbase.dll+0x21bb2]
C  [KERNEL32.DLL+0x17344]
C  [ntdll.dll+0x4cc91]


---------------  P R O C E S S  ---------------

Threads class SMR info:
_java_thread_list=0x00007ffa804ceed8, length=0, elements={
}

Java Threads: ( => current thread )

Other Threads:
  0x000002195702c720 GCTaskThread "GC Thread#0" [stack: 0x000000ec61000000,0x000000ec61100000] [id=18196]
  0x000002195703cb70 ConcurrentGCThread "G1 Main Marker" [stack: 0x000000ec61100000,0x000000ec61200000] [id=10584]
  0x000002195703d590 ConcurrentGCThread "G1 Conc#0" [stack: 0x000000ec61200000,0x000000ec61300000] [id=8696]

[error occurred during error reporting (printing all threads), id 0xc0000005, EXCEPTION_ACCESS_VIOLATION (0xc0000005) at pc=0x00007ffa7fc8f0f7]

VM state: not at safepoint (not fully initialized)

VM Mutex/Monitor currently owned by a thread:  ([mutex/lock_event])
[0x0000021956fcef90] Heap_lock - owner thread: 0x0000021956fd32b0

Heap address: 0x0000000085800000, size: 1960 MB, Compressed Oops mode: 32-bit

CDS archive(s) mapped at: [0x0000000000000000-0x0000000000000000-0x0000000000000000), size 0, SharedBaseAddress: 0x0000000800000000, ArchiveRelocationMode: 1.
Narrow klass base: 0x0000000000000000, Narrow klass shift: 0, Narrow klass range: 0x0

GC Precious Log:
<Empty>

Heap:
 garbage-first heap   total 0K, used 0K [0x0000000085800000, 0x0000000100000000)
  region size 1024K, 0 young (0K), 0 survivors (0K)

[error occurred during error reporting (printing heap information), id 0xc0000005, EXCEPTION_ACCESS_VIOLATION (0xc0000005) at pc=0x00007ffa800770c9]

GC Heap History (0 events):
No events

Dll operation events (1 events):
Event: 0.016 Loaded shared library C:\Program Files\Eclipse Adoptium\jdk-17.0.11.9-hotspot\bin\java.dll

Deoptimization events (0 events):
No events

Classes unloaded (0 events):
No events

Classes redefined (0 events):
No events

Internal exceptions (0 events):
No events

VM Operations (0 events):
No events

Events (0 events):
No events


Dynamic libraries:
0x00007ff64d9b0000 - 0x00007ff64d9be000 	C:\Program Files\Eclipse Adoptium\jdk-17.0.11.9-hotspot\bin\java.exe
0x00007ffb07270000 - 0x00007ffb07468000 	C:\Windows\SYSTEM32\ntdll.dll
0x00007ffb06ca0000 - 0x00007ffb06d5d000 	C:\Windows\System32\KERNEL32.DLL
0x00007ffb04cf0000 - 0x00007ffb04fe6000 	C:\Windows\System32\KERNELBASE.dll
0x00007ffb05150000 - 0x00007ffb05250000 	C:\Windows\System32\ucrtbase.dll
0x00007ffaecb70000 - 0x00007ffaecb87000 	C:\Program Files\Eclipse Adoptium\jdk-17.0.11.9-hotspot\bin\jli.dll
0x00007ffb06060000 - 0x00007ffb061ff000 	C:\Windows\System32\USER32.dll
0x00007ffb05280000 - 0x00007ffb052a2000 	C:\Windows\System32\win32u.dll
0x00007ffb06770000 - 0x00007ffb0679b000 	C:\Windows\System32\GDI32.dll
0x00007ffb049c0000 - 0x00007ffb04ad7000 	C:\Windows\System32\gdi32full.dll
0x00007ffb04ff0000 - 0x00007ffb0508d000 	C:\Windows\System32\msvcp_win.dll
0x00007ffafb550000 - 0x00007ffafb56b000 	C:\Program Files\Eclipse Adoptium\jdk-17.0.11.9-hotspot\bin\VCRUNTIME140.dll
0x00007ffae89a0000 - 0x00007ffae8c3a000 	C:\Windows\WinSxS\amd64_microsoft.windows.common-controls_6595b64144ccf1df_6.0.19041.4355_none_60b8b9eb71f62e16\COMCTL32.dll
0x00007ffb05490000 - 0x00007ffb0552e000 	C:\Windows\System32\msvcrt.dll
0x00007ffb05db0000 - 0x00007ffb05ddf000 	C:\Windows\System32\IMM32.DLL
0x00007ffafbd30000 - 0x00007ffafbd3c000 	C:\Program Files\Eclipse Adoptium\jdk-17.0.11.9-hotspot\bin\vcruntime140_1.dll
0x00007ffac2d60000 - 0x00007ffac2ded000 	C:\Program Files\Eclipse Adoptium\jdk-17.0.11.9-hotspot\bin\msvcp140.dll
0x00007ffa7f9a0000 - 0x00007ffa80602000 	C:\Program Files\Eclipse Adoptium\jdk-17.0.11.9-hotspot\bin\server\jvm.dll
0x00007ffb052b0000 - 0x00007ffb05360000 	C:\Windows\System32\ADVAPI32.dll
0x00007ffb07070000 - 0x00007ffb07110000 	C:\Windows\System32\sechost.dll
0x00007ffb06f40000 - 0x00007ffb07063000 	C:\Windows\System32\RPCRT4.dll
0x00007ffb05250000 - 0x00007ffb05277000 	C:\Windows\System32\bcrypt.dll
0x00007ffb04490000 - 0x00007ffb044db000 	C:\Windows\SYSTEM32\POWRPROF.dll
0x00007ffafba20000 - 0x00007ffafba29000 	C:\Windows\SYSTEM32\WSOCK32.dll
0x00007ffb071c0000 - 0x00007ffb0722b000 	C:\Windows\System32\WS2_32.dll
0x00007ffae4a50000 - 0x00007ffae4a77000 	C:\Windows\SYSTEM32\WINMM.dll
0x00007ffaf77c0000 - 0x00007ffaf77ca000 	C:\Windows\SYSTEM32\VERSION.dll
0x00007ffb04380000 - 0x00007ffb04392000 	C:\Windows\SYSTEM32\UMPDC.dll
0x00007ffb03120000 - 0x00007ffb03132000 	C:\Windows\SYSTEM32\kernel.appcore.dll
0x00007ffafb660000 - 0x00007ffafb66a000 	C:\Program Files\Eclipse Adoptium\jdk-17.0.11.9-hotspot\bin\jimage.dll
0x00007ffb02e10000 - 0x00007ffb02ff4000 	C:\Windows\SYSTEM32\DBGHELP.DLL
0x00007ffae52e0000 - 0x00007ffae5314000 	C:\Windows\SYSTEM32\dbgcore.DLL
0x00007ffb04930000 - 0x00007ffb049b2000 	C:\Windows\System32\bcryptPrimitives.dll
0x00007ffad30a0000 - 0x00007ffad30c5000 	C:\Program Files\Eclipse Adoptium\jdk-17.0.11.9-hotspot\bin\java.dll

dbghelp: loaded successfully - version: 4.0.5 - missing functions: none
symbol engine: initialized successfully - sym options: 0x614 - pdb path: .;C:\Program Files\Eclipse Adoptium\jdk-17.0.11.9-hotspot\bin;C:\Windows\SYSTEM32;C:\Windows\WinSxS\amd64_microsoft.windows.common-controls_6595b64144ccf1df_6.0.19041.4355_none_60b8b9eb71f62e16;C:\Program Files\Eclipse Adoptium\jdk-17.0.11.9-hotspot\bin\server

VM Arguments:
java_command: org.jetbrains.kotlin.cli.jvm.K2JVMCompiler @D:\Coding\repositories\ViroReact-Practice\node_modules\react-native-safe-area-context\android\build\20240708_10194060640370799266.compiler.options
java_class_path (initial): C:\Users\ivinm\.gradle\caches\modules-2\files-2.1\org.jetbrains.kotlin\kotlin-compiler-embeddable\1.9.22\9cd4dc7773cf2a99ecd961a88fbbc9a2da3fb5e1\kotlin-compiler-embeddable-1.9.22.jar;C:\Users\ivinm\.gradle\caches\modules-2\files-2.1\org.jetbrains.kotlin\kotlin-stdlib\1.9.22\d6c44cd08d8f3f9bece8101216dbe6553365c6e3\kotlin-stdlib-1.9.22.jar;C:\Users\ivinm\.gradle\caches\modules-2\files-2.1\org.jetbrains.kotlin\kotlin-script-runtime\1.9.22\f8139a46fc677ec9badc49ae954392f4f5e7e7c7\kotlin-script-runtime-1.9.22.jar;C:\Users\ivinm\.gradle\caches\modules-2\files-2.1\org.jetbrains.kotlin\kotlin-reflect\1.6.10\1cbe9c92c12a94eea200d23c2bbaedaf3daf5132\kotlin-reflect-1.6.10.jar;C:\Users\ivinm\.gradle\caches\modules-2\files-2.1\org.jetbrains.kotlin\kotlin-daemon-embeddable\1.9.22\20e2c5df715f3240c765cfc222530e2796542021\kotlin-daemon-embeddable-1.9.22.jar;C:\Users\ivinm\.gradle\caches\modules-2\files-2.1\org.jetbrains.intellij.deps\trove4j\1.0.20200330\3afb14d5f9ceb459d724e907a21145e8ff394f02\trove4j-1.0.20200330.jar;C:\Users\ivinm\.gradle\caches\modules-2\files-2.1\org.jetbrains\annotations\13.0\919f0dfe192fb4e063e7dacadee7f8bb9a2672a9\annotations-13.0.jar
Launcher Type: SUN_STANDARD

[Global flags]
     intx CICompilerCount                          = 3                                         {product} {ergonomic}
     uint ConcGCThreads                            = 1                                         {product} {ergonomic}
     uint G1ConcRefinementThreads                  = 4                                         {product} {ergonomic}
   size_t G1HeapRegionSize                         = 1048576                                   {product} {ergonomic}
    uintx GCDrainStackTargetSize                   = 64                                        {product} {ergonomic}
   size_t InitialHeapSize                          = 130023424                                 {product} {ergonomic}
   size_t MarkStackSize                            = 4194304                                   {product} {ergonomic}
   size_t MaxHeapSize                              = 2055208960                                {product} {ergonomic}
   size_t MinHeapDeltaBytes                        = 1048576                                   {product} {ergonomic}
   size_t MinHeapSize                              = 8388608                                   {product} {ergonomic}
    uintx NonNMethodCodeHeapSize                   = 5832780                                {pd product} {ergonomic}
    uintx NonProfiledCodeHeapSize                  = 122912730                              {pd product} {ergonomic}
    uintx ProfiledCodeHeapSize                     = 122912730                              {pd product} {ergonomic}
    uintx ReservedCodeCacheSize                    = 251658240                              {pd product} {ergonomic}
     bool SegmentedCodeCache                       = true                                      {product} {ergonomic}
   size_t SoftMaxHeapSize                          = 2055208960                             {manageable} {ergonomic}
     bool UseCompressedClassPointers               = true                           {product lp64_product} {ergonomic}
     bool UseCompressedOops                        = true                           {product lp64_product} {ergonomic}
     bool UseG1GC                                  = true                                      {product} {ergonomic}
     bool UseLargePagesIndividualAllocation        = false                                  {pd product} {ergonomic}

Logging:
Log output configuration:
 #0: stdout all=warning uptime,level,tags
 #1: stderr all=off uptime,level,tags

Environment Variables:
JAVA_HOME=C:\Program Files\Eclipse Adoptium\jdk-17.0.11.9-hotspot\
CLASSPATH=D:\Coding\repositories\ViroReact-Practice\android\\gradle\wrapper\gradle-wrapper.jar
PATH=D:\Coding\repositories\ViroReact-Practice\node_modules\.bin;D:\Coding\repositories\ViroReact-Practice\node_modules\.bin;D:\Coding\repositories\node_modules\.bin;D:\Coding\node_modules\.bin;D:\node_modules\.bin;C:\Users\ivinm\AppData\Roaming\npm\node_modules\npm\node_modules\@npmcli\run-script\lib\node-gyp-bin;C:\Program Files\Eclipse Adoptium\jdk-17.0.11.9-hotspot\bin;C:\ffmpeg\bin;C:\Users\ivinm\AppData\Local\Programs\Python\Python38;C:\Program Files (x86)\Common Files\Intel\Shared Libraries\redist\intel64\compiler;C:\Windows\system32;C:\Windows;C:\Windows\System32\Wbem;C:\Windows\System32\WindowsPowerShell\v1.0\;C:\Windows\System32\OpenSSH\;C:\Program Files\dotnet\;C:\ProgramData\chocolatey\bin;C:\Program Files\gnuplot\bin;C:\Program Files\MySQL\MySQL Server 8.0\bin;C:\Program Files (x86)\MySQL\mysql-connector-j-8.2.0\mysql-connector-j-8.2.0.jar;C:\Program Files\Tesseract-OCR;C:\Program Files\MySQL\MySQL Shell 8.0\bin\;C:\Users\ivinm\AppData\Local\Microsoft\WindowsApps;C:\Users\ivinm\AppData\Local\Programs\Microsoft VS Code\bin;C:\Users\ivinm\AppData\Local\GitHubDesktop\bin;C:\Users\ivinm\AppData\Roaming\npm;C:\Users\ivinm\AppData\Local\Packages\PythonSoftwareFoundation.Python.3.11_qbz5n2kfra8p0\LocalCache\local-packages\Python311\Scripts;C:\msys64\ucrt64\bin;C:\Users\ivinm\AppData\Roaming\nvm;C:\Program Files\nodejs;C:\Gradle\gradle-8.7\bin;C:\Users\ivinm\AppData\Local\Pub\Cache\bin;C:\Program Files\Go\bin;D:\Coding\Git\cmd;C:\Program Files\Eclipse Adoptium\jdk-17.0.11.9-hotspot\\bin;C:\Users\ivinm\AppData\Local\Android\Sdk\platform-tools;C:\Users\ivinm\AppData\Local\Programs\Python\Python38\Lib\site-packages\cmake;C:\Users\ivinm\AppData\Local\Programs\Microsoft VS Code\bin;C:\Users\ivinm\AppData\Local\Programs\Python\Python38\Scripts;
USERNAME=ivinm
LANG=en_US.UTF-8
OS=Windows_NT
PROCESSOR_IDENTIFIER=Intel64 Family 6 Model 140 Stepping 1, GenuineIntel
TMP=C:\Users\ivinm\AppData\Local\Temp
TEMP=C:\Users\ivinm\AppData\Local\Temp



Periodic native trim disabled


---------------  S Y S T E M  ---------------

OS:
 Windows 10 , 64 bit Build 19041 (10.0.19041.3636)
OS uptime: 3 days 12:47 hours

CPU: total 4 (initial active 4) (2 cores per cpu, 2 threads per core) family 6 model 140 stepping 1 microcode 0x8a, cx8, cmov, fxsr, ht, mmx, 3dnowpref, sse, sse2, sse3, ssse3, sse4.1, sse4.2, popcnt, lzcnt, tsc, tscinvbit, avx, avx2, aes, erms, clmul, bmi1, bmi2, adx, avx512f, avx512dq, avx512cd, avx512bw, avx512vl, sha, fma, vzeroupper, avx512_vpopcntdq, avx512_vpclmulqdq, avx512_vaes, avx512_vnni, clflush, clflushopt, clwb, avx512_vbmi2, avx512_vbmi
Processor Information for all 4 processors :
  Max Mhz: 2995, Current Mhz: 2995, Mhz Limit: 2995

Memory: 4k page, system-wide physical 7834M (349M free)
TotalPageFile size 16026M (AvailPageFile size 65M)
current process WorkingSet (physical memory assigned to process): 10M, peak: 10M
current process commit charge ("private bytes"): 52M, peak: 175M

vm_info: OpenJDK 64-Bit Server VM (17.0.11+9) for windows-amd64 JRE (17.0.11+9), built on Apr 17 2024 06:07:48 by "admin" with MS VC++ 16.10 / 16.11 (VS2019)

END.
